<?xml version="1.0" encoding="UTF-8"?>
<testng-results ignored="0" total="1" passed="1" failed="0" skipped="0">
  <reporter-output>
  </reporter-output>
  <suite started-at="2021-06-04T13:06:59 IST" name="Default suite" finished-at="2021-06-04T13:07:50 IST" duration-ms="50921">
    <groups>
    </groups>
    <test started-at="2021-06-04T13:06:59 IST" name="Default test" finished-at="2021-06-04T13:07:50 IST" duration-ms="50921">
      <class name="JenkinsTest.test1">
        <test-method is-config="true" signature="setup()[pri:0, instance:JenkinsTest.test1@51dcb805]" started-at="2021-06-04T13:06:59 IST" name="setup" finished-at="2021-06-04T13:07:32 IST" duration-ms="33149" status="PASS">
          <reporter-output>
          </reporter-output>
        </test-method> <!-- setup -->
        <test-method signature="search()[pri:0, instance:JenkinsTest.test1@51dcb805]" started-at="2021-06-04T13:07:33 IST" name="search" finished-at="2021-06-04T13:07:49 IST" duration-ms="16274" status="PASS">
          <reporter-output>
          </reporter-output>
        </test-method> <!-- search -->
        <test-method is-config="true" signature="end()[pri:0, instance:JenkinsTest.test1@51dcb805]" started-at="2021-06-04T13:07:49 IST" name="end" finished-at="2021-06-04T13:07:50 IST" duration-ms="1241" status="PASS">
          <reporter-output>
          </reporter-output>
        </test-method> <!-- end -->
      </class> <!-- JenkinsTest.test1 -->
    </test> <!-- Default test -->
  </suite> <!-- Default suite -->
</testng-results>
